<?xml version="1.0" encoding="UTF-8"?>
<testsuite xmlns:xsi="http://www.w3.org/2001/XMLSchema-instance" xsi:noNamespaceSchemaLocation="https://maven.apache.org/surefire/maven-surefire-plugin/xsd/surefire-test-report-3.0.xsd" version="3.0" name="com.anomaly.AppTest" time="0.023" tests="1" errors="0" skipped="0" failures="0">
  <properties>
    <property name="java.specification.version" value="23"/>
    <property name="sun.jnu.encoding" value="UTF-8"/>
    <property name="java.class.path" value="/Users/user/Desktop/Data-Engineering/Day11/Exercise/Exercise3/flink-cep-job/target/test-classes:/Users/user/Desktop/Data-Engineering/Day11/Exercise/Exercise3/flink-cep-job/target/classes:/Users/user/.m2/repository/junit/junit/3.8.1/junit-3.8.1.jar:/Users/user/.m2/repository/org/apache/flink/flink-java/1.14.6/flink-java-1.14.6.jar:/Users/user/.m2/repository/org/apache/flink/flink-core/1.14.6/flink-core-1.14.6.jar:/Users/user/.m2/repository/org/apache/flink/flink-annotations/1.14.6/flink-annotations-1.14.6.jar:/Users/user/.m2/repository/org/apache/flink/flink-metrics-core/1.14.6/flink-metrics-core-1.14.6.jar:/Users/user/.m2/repository/org/apache/flink/flink-shaded-asm-7/7.1-14.0/flink-shaded-asm-7-7.1-14.0.jar:/Users/user/.m2/repository/com/esotericsoftware/kryo/kryo/2.24.0/kryo-2.24.0.jar:/Users/user/.m2/repository/com/esotericsoftware/minlog/minlog/1.2/minlog-1.2.jar:/Users/user/.m2/repository/org/objenesis/objenesis/2.1/objenesis-2.1.jar:/Users/user/.m2/repository/commons-collections/commons-collections/3.2.2/commons-collections-3.2.2.jar:/Users/user/.m2/repository/org/apache/commons/commons-compress/1.21/commons-compress-1.21.jar:/Users/user/.m2/repository/org/apache/commons/commons-lang3/3.3.2/commons-lang3-3.3.2.jar:/Users/user/.m2/repository/org/apache/commons/commons-math3/3.5/commons-math3-3.5.jar:/Users/user/.m2/repository/org/slf4j/slf4j-api/1.7.15/slf4j-api-1.7.15.jar:/Users/user/.m2/repository/com/google/code/findbugs/jsr305/1.3.9/jsr305-1.3.9.jar:/Users/user/.m2/repository/org/apache/flink/flink-shaded-force-shading/14.0/flink-shaded-force-shading-14.0.jar:/Users/user/.m2/repository/org/apache/flink/flink-streaming-java_2.12/1.14.6/flink-streaming-java_2.12-1.14.6.jar:/Users/user/.m2/repository/org/apache/flink/flink-file-sink-common/1.14.6/flink-file-sink-common-1.14.6.jar:/Users/user/.m2/repository/org/apache/flink/flink-runtime/1.14.6/flink-runtime-1.14.6.jar:/Users/user/.m2/repository/org/apache/flink/flink-rpc-core/1.14.6/flink-rpc-core-1.14.6.jar:/Users/user/.m2/repository/org/apache/flink/flink-rpc-akka-loader/1.14.6/flink-rpc-akka-loader-1.14.6.jar:/Users/user/.m2/repository/org/apache/flink/flink-queryable-state-client-java/1.14.6/flink-queryable-state-client-java-1.14.6.jar:/Users/user/.m2/repository/org/apache/flink/flink-hadoop-fs/1.14.6/flink-hadoop-fs-1.14.6.jar:/Users/user/.m2/repository/commons-io/commons-io/2.8.0/commons-io-2.8.0.jar:/Users/user/.m2/repository/org/apache/flink/flink-shaded-zookeeper-3/3.4.14-14.0/flink-shaded-zookeeper-3-3.4.14-14.0.jar:/Users/user/.m2/repository/org/javassist/javassist/3.24.0-GA/javassist-3.24.0-GA.jar:/Users/user/.m2/repository/org/apache/flink/flink-scala_2.12/1.14.6/flink-scala_2.12-1.14.6.jar:/Users/user/.m2/repository/org/scala-lang/scala-reflect/2.12.7/scala-reflect-2.12.7.jar:/Users/user/.m2/repository/org/scala-lang/scala-library/2.12.7/scala-library-2.12.7.jar:/Users/user/.m2/repository/org/scala-lang/scala-compiler/2.12.7/scala-compiler-2.12.7.jar:/Users/user/.m2/repository/org/scala-lang/modules/scala-xml_2.12/1.0.6/scala-xml_2.12-1.0.6.jar:/Users/user/.m2/repository/com/twitter/chill_2.12/0.7.6/chill_2.12-0.7.6.jar:/Users/user/.m2/repository/com/twitter/chill-java/0.7.6/chill-java-0.7.6.jar:/Users/user/.m2/repository/org/apache/flink/flink-shaded-guava/30.1.1-jre-14.0/flink-shaded-guava-30.1.1-jre-14.0.jar:/Users/user/.m2/repository/org/apache/flink/flink-cep_2.12/1.14.6/flink-cep_2.12-1.14.6.jar:/Users/user/.m2/repository/org/apache/flink/flink-connector-kafka_2.12/1.14.6/flink-connector-kafka_2.12-1.14.6.jar:/Users/user/.m2/repository/org/apache/flink/flink-connector-base/1.14.6/flink-connector-base-1.14.6.jar:/Users/user/.m2/repository/org/apache/flink/flink-clients_2.12/1.14.6/flink-clients_2.12-1.14.6.jar:/Users/user/.m2/repository/org/apache/flink/flink-optimizer/1.14.6/flink-optimizer-1.14.6.jar:/Users/user/.m2/repository/commons-cli/commons-cli/1.3.1/commons-cli-1.3.1.jar:/Users/user/.m2/repository/org/apache/flink/flink-runtime-web_2.12/1.14.6/flink-runtime-web_2.12-1.14.6.jar:/Users/user/.m2/repository/org/apache/flink/flink-shaded-netty/4.1.65.Final-14.0/flink-shaded-netty-4.1.65.Final-14.0.jar:/Users/user/.m2/repository/org/apache/flink/flink-shaded-jackson/2.12.4-14.0/flink-shaded-jackson-2.12.4-14.0.jar:/Users/user/.m2/repository/com/fasterxml/jackson/core/jackson-databind/2.13.3/jackson-databind-2.13.3.jar:/Users/user/.m2/repository/com/fasterxml/jackson/core/jackson-annotations/2.13.3/jackson-annotations-2.13.3.jar:/Users/user/.m2/repository/com/fasterxml/jackson/core/jackson-core/2.13.3/jackson-core-2.13.3.jar:/Users/user/.m2/repository/org/apache/kafka/kafka-clients/3.3.1/kafka-clients-3.3.1.jar:/Users/user/.m2/repository/com/github/luben/zstd-jni/1.5.2-1/zstd-jni-1.5.2-1.jar:/Users/user/.m2/repository/org/lz4/lz4-java/1.8.0/lz4-java-1.8.0.jar:/Users/user/.m2/repository/org/xerial/snappy/snappy-java/1.1.8.4/snappy-java-1.1.8.4.jar:/Users/user/.m2/repository/org/apache/logging/log4j/log4j-slf4j-impl/2.17.1/log4j-slf4j-impl-2.17.1.jar:/Users/user/.m2/repository/org/apache/logging/log4j/log4j-api/2.17.1/log4j-api-2.17.1.jar:/Users/user/.m2/repository/org/apache/logging/log4j/log4j-core/2.17.1/log4j-core-2.17.1.jar:"/>
    <property name="java.vm.vendor" value="Homebrew"/>
    <property name="sun.arch.data.model" value="64"/>
    <property name="java.vendor.url" value="https://github.com/Homebrew/homebrew-core/issues"/>
    <property name="os.name" value="Mac OS X"/>
    <property name="java.vm.specification.version" value="23"/>
    <property name="sun.java.launcher" value="SUN_STANDARD"/>
    <property name="user.country" value="VN"/>
    <property name="sun.boot.library.path" value="/opt/homebrew/Cellar/openjdk/23.0.2/libexec/openjdk.jdk/Contents/Home/lib"/>
    <property name="sun.java.command" value="/Users/user/Desktop/Data-Engineering/Day11/Exercise/Exercise3/flink-cep-job/target/surefire/surefirebooter-20250512012510717_3.jar /Users/user/Desktop/Data-Engineering/Day11/Exercise/Exercise3/flink-cep-job/target/surefire 2025-05-12T01-25-10_675-jvmRun1 surefire-20250512012510717_1tmp surefire_0-20250512012510717_2tmp"/>
    <property name="http.nonProxyHosts" value="local|*.local|169.254/16|*.169.254/16"/>
    <property name="jdk.debug" value="release"/>
    <property name="surefire.test.class.path" value="/Users/user/Desktop/Data-Engineering/Day11/Exercise/Exercise3/flink-cep-job/target/test-classes:/Users/user/Desktop/Data-Engineering/Day11/Exercise/Exercise3/flink-cep-job/target/classes:/Users/user/.m2/repository/junit/junit/3.8.1/junit-3.8.1.jar:/Users/user/.m2/repository/org/apache/flink/flink-java/1.14.6/flink-java-1.14.6.jar:/Users/user/.m2/repository/org/apache/flink/flink-core/1.14.6/flink-core-1.14.6.jar:/Users/user/.m2/repository/org/apache/flink/flink-annotations/1.14.6/flink-annotations-1.14.6.jar:/Users/user/.m2/repository/org/apache/flink/flink-metrics-core/1.14.6/flink-metrics-core-1.14.6.jar:/Users/user/.m2/repository/org/apache/flink/flink-shaded-asm-7/7.1-14.0/flink-shaded-asm-7-7.1-14.0.jar:/Users/user/.m2/repository/com/esotericsoftware/kryo/kryo/2.24.0/kryo-2.24.0.jar:/Users/user/.m2/repository/com/esotericsoftware/minlog/minlog/1.2/minlog-1.2.jar:/Users/user/.m2/repository/org/objenesis/objenesis/2.1/objenesis-2.1.jar:/Users/user/.m2/repository/commons-collections/commons-collections/3.2.2/commons-collections-3.2.2.jar:/Users/user/.m2/repository/org/apache/commons/commons-compress/1.21/commons-compress-1.21.jar:/Users/user/.m2/repository/org/apache/commons/commons-lang3/3.3.2/commons-lang3-3.3.2.jar:/Users/user/.m2/repository/org/apache/commons/commons-math3/3.5/commons-math3-3.5.jar:/Users/user/.m2/repository/org/slf4j/slf4j-api/1.7.15/slf4j-api-1.7.15.jar:/Users/user/.m2/repository/com/google/code/findbugs/jsr305/1.3.9/jsr305-1.3.9.jar:/Users/user/.m2/repository/org/apache/flink/flink-shaded-force-shading/14.0/flink-shaded-force-shading-14.0.jar:/Users/user/.m2/repository/org/apache/flink/flink-streaming-java_2.12/1.14.6/flink-streaming-java_2.12-1.14.6.jar:/Users/user/.m2/repository/org/apache/flink/flink-file-sink-common/1.14.6/flink-file-sink-common-1.14.6.jar:/Users/user/.m2/repository/org/apache/flink/flink-runtime/1.14.6/flink-runtime-1.14.6.jar:/Users/user/.m2/repository/org/apache/flink/flink-rpc-core/1.14.6/flink-rpc-core-1.14.6.jar:/Users/user/.m2/repository/org/apache/flink/flink-rpc-akka-loader/1.14.6/flink-rpc-akka-loader-1.14.6.jar:/Users/user/.m2/repository/org/apache/flink/flink-queryable-state-client-java/1.14.6/flink-queryable-state-client-java-1.14.6.jar:/Users/user/.m2/repository/org/apache/flink/flink-hadoop-fs/1.14.6/flink-hadoop-fs-1.14.6.jar:/Users/user/.m2/repository/commons-io/commons-io/2.8.0/commons-io-2.8.0.jar:/Users/user/.m2/repository/org/apache/flink/flink-shaded-zookeeper-3/3.4.14-14.0/flink-shaded-zookeeper-3-3.4.14-14.0.jar:/Users/user/.m2/repository/org/javassist/javassist/3.24.0-GA/javassist-3.24.0-GA.jar:/Users/user/.m2/repository/org/apache/flink/flink-scala_2.12/1.14.6/flink-scala_2.12-1.14.6.jar:/Users/user/.m2/repository/org/scala-lang/scala-reflect/2.12.7/scala-reflect-2.12.7.jar:/Users/user/.m2/repository/org/scala-lang/scala-library/2.12.7/scala-library-2.12.7.jar:/Users/user/.m2/repository/org/scala-lang/scala-compiler/2.12.7/scala-compiler-2.12.7.jar:/Users/user/.m2/repository/org/scala-lang/modules/scala-xml_2.12/1.0.6/scala-xml_2.12-1.0.6.jar:/Users/user/.m2/repository/com/twitter/chill_2.12/0.7.6/chill_2.12-0.7.6.jar:/Users/user/.m2/repository/com/twitter/chill-java/0.7.6/chill-java-0.7.6.jar:/Users/user/.m2/repository/org/apache/flink/flink-shaded-guava/30.1.1-jre-14.0/flink-shaded-guava-30.1.1-jre-14.0.jar:/Users/user/.m2/repository/org/apache/flink/flink-cep_2.12/1.14.6/flink-cep_2.12-1.14.6.jar:/Users/user/.m2/repository/org/apache/flink/flink-connector-kafka_2.12/1.14.6/flink-connector-kafka_2.12-1.14.6.jar:/Users/user/.m2/repository/org/apache/flink/flink-connector-base/1.14.6/flink-connector-base-1.14.6.jar:/Users/user/.m2/repository/org/apache/flink/flink-clients_2.12/1.14.6/flink-clients_2.12-1.14.6.jar:/Users/user/.m2/repository/org/apache/flink/flink-optimizer/1.14.6/flink-optimizer-1.14.6.jar:/Users/user/.m2/repository/commons-cli/commons-cli/1.3.1/commons-cli-1.3.1.jar:/Users/user/.m2/repository/org/apache/flink/flink-runtime-web_2.12/1.14.6/flink-runtime-web_2.12-1.14.6.jar:/Users/user/.m2/repository/org/apache/flink/flink-shaded-netty/4.1.65.Final-14.0/flink-shaded-netty-4.1.65.Final-14.0.jar:/Users/user/.m2/repository/org/apache/flink/flink-shaded-jackson/2.12.4-14.0/flink-shaded-jackson-2.12.4-14.0.jar:/Users/user/.m2/repository/com/fasterxml/jackson/core/jackson-databind/2.13.3/jackson-databind-2.13.3.jar:/Users/user/.m2/repository/com/fasterxml/jackson/core/jackson-annotations/2.13.3/jackson-annotations-2.13.3.jar:/Users/user/.m2/repository/com/fasterxml/jackson/core/jackson-core/2.13.3/jackson-core-2.13.3.jar:/Users/user/.m2/repository/org/apache/kafka/kafka-clients/3.3.1/kafka-clients-3.3.1.jar:/Users/user/.m2/repository/com/github/luben/zstd-jni/1.5.2-1/zstd-jni-1.5.2-1.jar:/Users/user/.m2/repository/org/lz4/lz4-java/1.8.0/lz4-java-1.8.0.jar:/Users/user/.m2/repository/org/xerial/snappy/snappy-java/1.1.8.4/snappy-java-1.1.8.4.jar:/Users/user/.m2/repository/org/apache/logging/log4j/log4j-slf4j-impl/2.17.1/log4j-slf4j-impl-2.17.1.jar:/Users/user/.m2/repository/org/apache/logging/log4j/log4j-api/2.17.1/log4j-api-2.17.1.jar:/Users/user/.m2/repository/org/apache/logging/log4j/log4j-core/2.17.1/log4j-core-2.17.1.jar:"/>
    <property name="sun.cpu.endian" value="little"/>
    <property name="user.home" value="/Users/user"/>
    <property name="user.language" value="en"/>
    <property name="java.specification.vendor" value="Oracle Corporation"/>
    <property name="java.version.date" value="2025-01-21"/>
    <property name="java.home" value="/opt/homebrew/Cellar/openjdk/23.0.2/libexec/openjdk.jdk/Contents/Home"/>
    <property name="file.separator" value="/"/>
    <property name="basedir" value="/Users/user/Desktop/Data-Engineering/Day11/Exercise/Exercise3/flink-cep-job"/>
    <property name="java.vm.compressedOopsMode" value="Zero based"/>
    <property name="line.separator" value="&#10;"/>
    <property name="java.vm.specification.vendor" value="Oracle Corporation"/>
    <property name="java.specification.name" value="Java Platform API Specification"/>
    <property name="apple.awt.application.name" value="ForkedBooter"/>
    <property name="surefire.real.class.path" value="/Users/user/Desktop/Data-Engineering/Day11/Exercise/Exercise3/flink-cep-job/target/surefire/surefirebooter-20250512012510717_3.jar"/>
    <property name="sun.management.compiler" value="HotSpot 64-Bit Tiered Compilers"/>
    <property name="ftp.nonProxyHosts" value="local|*.local|169.254/16|*.169.254/16"/>
    <property name="java.runtime.version" value="23.0.2"/>
    <property name="user.name" value="user"/>
    <property name="stdout.encoding" value="UTF-8"/>
    <property name="path.separator" value=":"/>
    <property name="os.version" value="15.3.2"/>
    <property name="java.runtime.name" value="OpenJDK Runtime Environment"/>
    <property name="file.encoding" value="UTF-8"/>
    <property name="java.vm.name" value="OpenJDK 64-Bit Server VM"/>
    <property name="java.vendor.version" value="Homebrew"/>
    <property name="localRepository" value="/Users/user/.m2/repository"/>
    <property name="java.vendor.url.bug" value="https://github.com/Homebrew/homebrew-core/issues"/>
    <property name="java.io.tmpdir" value="/var/folders/ch/fmvg17wn41d7pj3kkrwn98w40000gp/T/"/>
    <property name="java.version" value="23.0.2"/>
    <property name="user.dir" value="/Users/user/Desktop/Data-Engineering/Day11/Exercise/Exercise3/flink-cep-job"/>
    <property name="os.arch" value="aarch64"/>
    <property name="java.vm.specification.name" value="Java Virtual Machine Specification"/>
    <property name="native.encoding" value="UTF-8"/>
    <property name="java.library.path" value="/Users/user/Library/Java/Extensions:/Library/Java/Extensions:/Network/Library/Java/Extensions:/System/Library/Java/Extensions:/usr/lib/java:."/>
    <property name="java.vm.info" value="mixed mode, sharing"/>
    <property name="stderr.encoding" value="UTF-8"/>
    <property name="java.vendor" value="Homebrew"/>
    <property name="java.vm.version" value="23.0.2"/>
    <property name="sun.io.unicode.encoding" value="UnicodeBig"/>
    <property name="socksNonProxyHosts" value="local|*.local|169.254/16|*.169.254/16"/>
    <property name="java.class.version" value="67.0"/>
  </properties>
  <testcase name="testApp" classname="com.anomaly.AppTest" time="0.003"/>
</testsuite>